# JRE version: OpenJDK Runtime Environment (17.0.6) (build 17.0.6+0-b2043.56-10027231)
# Java VM: OpenJDK 64-Bit Server VM (17.0.6+0-b2043.56-10027231, mixed mode, tiered, compressed oops, compressed class ptrs, g1 gc, windows-amd64)
GC Precious Log:
 CPUs: 12 total, 12 available
 Memory: 16310M
 Large Page Support: Disabled
 NUMA Support: Disabled
 Compressed Oops: Enabled (32-bit)
 Heap Region Size: 1M
 Heap Min Capacity: 8M
 Heap Initial Capacity: 256M
 Heap Max Capacity: 2G
 Pre-touch: Disabled
 Parallel Workers: 10
 Concurrent Workers: 3
 Concurrent Refinement Workers: 10
 Periodic GC: Disabled
Heap:
 garbage-first heap   total 347136K, used 172339K [0x0000000080000000, 0x0000000100000000)
  region size 1024K, 2 young (2048K), 2 survivors (2048K)
 Metaspace       used 115432K, committed 116224K, reserved 1155072K
  class space    used 16518K, committed 16896K, reserved 1048576K
GC Heap History (20 events):
Event: 20.282 GC heap after
{Heap after GC invocations=34 (full 0):
 garbage-first heap   total 191488K, used 103154K [0x0000000080000000, 0x0000000100000000)
  region size 1024K, 3 young (3072K), 3 survivors (3072K)
 Metaspace       used 94885K, committed 95488K, reserved 1138688K
  class space    used 12898K, committed 13184K, reserved 1048576K
}
Event: 20.304 GC heap before
{Heap before GC invocations=34 (full 0):
 garbage-first heap   total 191488K, used 108274K [0x0000000080000000, 0x0000000100000000)
  region size 1024K, 9 young (9216K), 3 survivors (3072K)
 Metaspace       used 94901K, committed 95488K, reserved 1138688K
  class space    used 12898K, committed 13184K, reserved 1048576K
}
Event: 20.310 GC heap after
{Heap after GC invocations=35 (full 0):
 garbage-first heap   total 347136K, used 102968K [0x0000000080000000, 0x0000000100000000)
  region size 1024K, 1 young (1024K), 1 survivors (1024K)
 Metaspace       used 94901K, committed 95488K, reserved 1138688K
  class space    used 12898K, committed 13184K, reserved 1048576K
}
Event: 20.728 GC heap before
{Heap before GC invocations=35 (full 0):
 garbage-first heap   total 347136K, used 173624K [0x0000000080000000, 0x0000000100000000)
  region size 1024K, 72 young (73728K), 1 survivors (1024K)
 Metaspace       used 95276K, committed 95936K, reserved 1138688K
  class space    used 12905K, committed 13184K, reserved 1048576K
}
Event: 20.734 GC heap after
{Heap after GC invocations=36 (full 0):
 garbage-first heap   total 347136K, used 107432K [0x0000000080000000, 0x0000000100000000)
  region size 1024K, 5 young (5120K), 5 survivors (5120K)
 Metaspace       used 95276K, committed 95936K, reserved 1138688K
  class space    used 12905K, committed 13184K, reserved 1048576K
}
Event: 21.618 GC heap before
{Heap before GC invocations=37 (full 0):
 garbage-first heap   total 347136K, used 257960K [0x0000000080000000, 0x0000000100000000)
  region size 1024K, 152 young (155648K), 5 survivors (5120K)
 Metaspace       used 96407K, committed 97088K, reserved 1138688K
  class space    used 13001K, committed 13312K, reserved 1048576K
}
Event: 21.628 GC heap after
{Heap after GC invocations=38 (full 0):
 garbage-first heap   total 347136K, used 117432K [0x0000000080000000, 0x0000000100000000)
  region size 1024K, 15 young (15360K), 15 survivors (15360K)
 Metaspace       used 96407K, committed 97088K, reserved 1138688K
  class space    used 13001K, committed 13312K, reserved 1048576K
}
Event: 21.630 GC heap before
{Heap before GC invocations=38 (full 0):
 garbage-first heap   total 347136K, used 118456K [0x0000000080000000, 0x0000000100000000)
  region size 1024K, 16 young (16384K), 15 survivors (15360K)
 Metaspace       used 96407K, committed 97088K, reserved 1138688K
  class space    used 13001K, committed 13312K, reserved 1048576K
}
Event: 21.637 GC heap after
{Heap after GC invocations=39 (full 0):
 garbage-first heap   total 347136K, used 118743K [0x0000000080000000, 0x0000000100000000)
  region size 1024K, 2 young (2048K), 2 survivors (2048K)
 Metaspace       used 96407K, committed 97088K, reserved 1138688K
  class space    used 13001K, committed 13312K, reserved 1048576K
}
Event: 22.207 GC heap before
{Heap before GC invocations=39 (full 0):
 garbage-first heap   total 347136K, used 268247K [0x0000000080000000, 0x0000000100000000)
  region size 1024K, 149 young (152576K), 2 survivors (2048K)
 Metaspace       used 96622K, committed 97280K, reserved 1138688K
  class space    used 13016K, committed 13312K, reserved 1048576K
}
Event: 22.213 GC heap after
{Heap after GC invocations=40 (full 0):
 garbage-first heap   total 347136K, used 123986K [0x0000000080000000, 0x0000000100000000)
  region size 1024K, 8 young (8192K), 8 survivors (8192K)
 Metaspace       used 96622K, committed 97280K, reserved 1138688K
  class space    used 13016K, committed 13312K, reserved 1048576K
}
Event: 23.569 GC heap before
{Heap before GC invocations=41 (full 0):
 garbage-first heap   total 347136K, used 280658K [0x0000000080000000, 0x0000000100000000)
  region size 1024K, 156 young (159744K), 8 survivors (8192K)
 Metaspace       used 102887K, committed 103616K, reserved 1138688K
  class space    used 14024K, committed 14400K, reserved 1048576K
}
Event: 23.582 GC heap after
{Heap after GC invocations=42 (full 0):
 garbage-first heap   total 347136K, used 142669K [0x0000000080000000, 0x0000000100000000)
  region size 1024K, 20 young (20480K), 20 survivors (20480K)
 Metaspace       used 102887K, committed 103616K, reserved 1138688K
  class space    used 14024K, committed 14400K, reserved 1048576K
}
Event: 23.584 GC heap before
{Heap before GC invocations=42 (full 0):
 garbage-first heap   total 347136K, used 143693K [0x0000000080000000, 0x0000000100000000)
  region size 1024K, 21 young (21504K), 20 survivors (20480K)
 Metaspace       used 102898K, committed 103616K, reserved 1138688K
  class space    used 14026K, committed 14400K, reserved 1048576K
}
Event: 23.593 GC heap after
{Heap after GC invocations=43 (full 0):
 garbage-first heap   total 347136K, used 143671K [0x0000000080000000, 0x0000000100000000)
  region size 1024K, 3 young (3072K), 3 survivors (3072K)
 Metaspace       used 102898K, committed 103616K, reserved 1138688K
  class space    used 14026K, committed 14400K, reserved 1048576K
}
Event: 24.430 GC heap before
{Heap before GC invocations=43 (full 0):
 garbage-first heap   total 347136K, used 274743K [0x0000000080000000, 0x0000000100000000)
  region size 1024K, 131 young (134144K), 3 survivors (3072K)
 Metaspace       used 112684K, committed 113472K, reserved 1146880K
  class space    used 16063K, committed 16448K, reserved 1048576K
}
Event: 24.445 GC heap after
{Heap after GC invocations=44 (full 0):
 garbage-first heap   total 347136K, used 163840K [0x0000000080000000, 0x0000000100000000)
  region size 1024K, 17 young (17408K), 17 survivors (17408K)
 Metaspace       used 112684K, committed 113472K, reserved 1146880K
  class space    used 16063K, committed 16448K, reserved 1048576K
}
Event: 25.098 GC heap before
{Heap before GC invocations=45 (full 0):
 garbage-first heap   total 347136K, used 275456K [0x0000000080000000, 0x0000000100000000)
  region size 1024K, 127 young (130048K), 17 survivors (17408K)
 Metaspace       used 115416K, committed 116224K, reserved 1155072K
  class space    used 16518K, committed 16896K, reserved 1048576K
}
Event: 25.113 GC heap after
{Heap after GC invocations=46 (full 0):
 garbage-first heap   total 347136K, used 172201K [0x0000000080000000, 0x0000000100000000)
  region size 1024K, 9 young (9216K), 9 survivors (9216K)
 Metaspace       used 115416K, committed 116224K, reserved 1155072K
  class space    used 16518K, committed 16896K, reserved 1048576K
}
Event: 25.129 GC heap before
{Heap before GC invocations=46 (full 0):
 garbage-first heap   total 347136K, used 179369K [0x0000000080000000, 0x0000000100000000)
  region size 1024K, 16 young (16384K), 9 survivors (9216K)
 Metaspace       used 115432K, committed 116224K, reserved 1155072K
  class space    used 16518K, committed 16896K, reserved 1048576K
}

