# JRE version: OpenJDK Runtime Environment (17.0.6) (build 17.0.6+0-b2043.56-10027231)
# Java VM: OpenJDK 64-Bit Server VM (17.0.6+0-b2043.56-10027231, mixed mode, tiered, compressed oops, compressed class ptrs, g1 gc, windows-amd64)
GC Precious Log:
 CPUs: 12 total, 12 available
 Memory: 16310M
 Large Page Support: Disabled
 NUMA Support: Disabled
 Compressed Oops: Enabled (32-bit)
 Heap Region Size: 1M
 Heap Min Capacity: 8M
 Heap Initial Capacity: 256M
 Heap Max Capacity: 2G
 Pre-touch: Disabled
 Parallel Workers: 10
 Concurrent Workers: 3
 Concurrent Refinement Workers: 10
 Periodic GC: Disabled
Heap:
 garbage-first heap   total 68608K, used 32197K [0x0000000080000000, 0x0000000100000000)
  region size 1024K, 4 young (4096K), 3 survivors (3072K)
 Metaspace       used 44396K, committed 44864K, reserved 1089536K
  class space    used 5860K, committed 6080K, reserved 1048576K
GC Heap History (18 events):
Event: 0.910 GC heap before
{Heap before GC invocations=0 (full 0):
 garbage-first heap   total 262144K, used 26624K [0x0000000080000000, 0x0000000100000000)
  region size 1024K, 23 young (23552K), 0 survivors (0K)
 Metaspace       used 10255K, committed 10432K, reserved 1064960K
  class space    used 1058K, committed 1152K, reserved 1048576K
}
Event: 0.914 GC heap after
{Heap after GC invocations=1 (full 0):
 garbage-first heap   total 262144K, used 10554K [0x0000000080000000, 0x0000000100000000)
  region size 1024K, 3 young (3072K), 3 survivors (3072K)
 Metaspace       used 10255K, committed 10432K, reserved 1064960K
  class space    used 1058K, committed 1152K, reserved 1048576K
}
Event: 1.406 GC heap before
{Heap before GC invocations=1 (full 0):
 garbage-first heap   total 262144K, used 40250K [0x0000000080000000, 0x0000000100000000)
  region size 1024K, 32 young (32768K), 3 survivors (3072K)
 Metaspace       used 11203K, committed 11456K, reserved 1064960K
  class space    used 1162K, committed 1280K, reserved 1048576K
}
Event: 1.409 GC heap after
{Heap after GC invocations=2 (full 0):
 garbage-first heap   total 262144K, used 14685K [0x0000000080000000, 0x0000000100000000)
  region size 1024K, 4 young (4096K), 4 survivors (4096K)
 Metaspace       used 11203K, committed 11456K, reserved 1064960K
  class space    used 1162K, committed 1280K, reserved 1048576K
}
Event: 11.371 GC heap before
{Heap before GC invocations=2 (full 0):
 garbage-first heap   total 262144K, used 51549K [0x0000000080000000, 0x0000000100000000)
  region size 1024K, 41 young (41984K), 4 survivors (4096K)
 Metaspace       used 21229K, committed 21504K, reserved 1073152K
  class space    used 2580K, committed 2752K, reserved 1048576K
}
Event: 11.376 GC heap after
{Heap after GC invocations=3 (full 0):
 garbage-first heap   total 262144K, used 18459K [0x0000000080000000, 0x0000000100000000)
  region size 1024K, 8 young (8192K), 8 survivors (8192K)
 Metaspace       used 21229K, committed 21504K, reserved 1073152K
  class space    used 2580K, committed 2752K, reserved 1048576K
}
Event: 11.960 GC heap before
{Heap before GC invocations=4 (full 0):
 garbage-first heap   total 68608K, used 51227K [0x0000000080000000, 0x0000000100000000)
  region size 1024K, 40 young (40960K), 8 survivors (8192K)
 Metaspace       used 26135K, committed 26496K, reserved 1073152K
  class space    used 3436K, committed 3584K, reserved 1048576K
}
Event: 11.965 GC heap after
{Heap after GC invocations=5 (full 0):
 garbage-first heap   total 68608K, used 20545K [0x0000000080000000, 0x0000000100000000)
  region size 1024K, 3 young (3072K), 3 survivors (3072K)
 Metaspace       used 26135K, committed 26496K, reserved 1073152K
  class space    used 3436K, committed 3584K, reserved 1048576K
}
Event: 12.481 GC heap before
{Heap before GC invocations=5 (full 0):
 garbage-first heap   total 68608K, used 46145K [0x0000000080000000, 0x0000000100000000)
  region size 1024K, 28 young (28672K), 3 survivors (3072K)
 Metaspace       used 30108K, committed 30400K, reserved 1081344K
  class space    used 4091K, committed 4224K, reserved 1048576K
}
Event: 12.484 GC heap after
{Heap after GC invocations=6 (full 0):
 garbage-first heap   total 68608K, used 21587K [0x0000000080000000, 0x0000000100000000)
  region size 1024K, 4 young (4096K), 4 survivors (4096K)
 Metaspace       used 30108K, committed 30400K, reserved 1081344K
  class space    used 4091K, committed 4224K, reserved 1048576K
}
Event: 12.911 GC heap before
{Heap before GC invocations=6 (full 0):
 garbage-first heap   total 68608K, used 48211K [0x0000000080000000, 0x0000000100000000)
  region size 1024K, 30 young (30720K), 4 survivors (4096K)
 Metaspace       used 34554K, committed 34880K, reserved 1081344K
  class space    used 4773K, committed 4928K, reserved 1048576K
}
Event: 12.915 GC heap after
{Heap after GC invocations=7 (full 0):
 garbage-first heap   total 68608K, used 23362K [0x0000000080000000, 0x0000000100000000)
  region size 1024K, 4 young (4096K), 4 survivors (4096K)
 Metaspace       used 34554K, committed 34880K, reserved 1081344K
  class space    used 4773K, committed 4928K, reserved 1048576K
}
Event: 13.051 GC heap before
{Heap before GC invocations=7 (full 0):
 garbage-first heap   total 68608K, used 27458K [0x0000000080000000, 0x0000000100000000)
  region size 1024K, 9 young (9216K), 4 survivors (4096K)
 Metaspace       used 35621K, committed 35968K, reserved 1081344K
  class space    used 4877K, committed 5056K, reserved 1048576K
}
Event: 13.054 GC heap after
{Heap after GC invocations=8 (full 0):
 garbage-first heap   total 68608K, used 24107K [0x0000000080000000, 0x0000000100000000)
  region size 1024K, 3 young (3072K), 3 survivors (3072K)
 Metaspace       used 35621K, committed 35968K, reserved 1081344K
  class space    used 4877K, committed 5056K, reserved 1048576K
}
Event: 13.477 GC heap before
{Heap before GC invocations=9 (full 0):
 garbage-first heap   total 68608K, used 49707K [0x0000000080000000, 0x0000000100000000)
  region size 1024K, 29 young (29696K), 3 survivors (3072K)
 Metaspace       used 40379K, committed 40704K, reserved 1089536K
  class space    used 5357K, committed 5504K, reserved 1048576K
}
Event: 13.481 GC heap after
{Heap after GC invocations=10 (full 0):
 garbage-first heap   total 68608K, used 27789K [0x0000000080000000, 0x0000000100000000)
  region size 1024K, 4 young (4096K), 4 survivors (4096K)
 Metaspace       used 40379K, committed 40704K, reserved 1089536K
  class space    used 5357K, committed 5504K, reserved 1048576K
}
Event: 13.817 GC heap before
{Heap before GC invocations=10 (full 0):
 garbage-first heap   total 68608K, used 54413K [0x0000000080000000, 0x0000000100000000)
  region size 1024K, 27 young (27648K), 4 survivors (4096K)
 Metaspace       used 42559K, committed 43008K, reserved 1089536K
  class space    used 5568K, committed 5760K, reserved 1048576K
}
Event: 13.821 GC heap after
{Heap after GC invocations=11 (full 0):
 garbage-first heap   total 68608K, used 30170K [0x0000000080000000, 0x0000000100000000)
  region size 1024K, 3 young (3072K), 3 survivors (3072K)
 Metaspace       used 42559K, committed 43008K, reserved 1089536K
  class space    used 5568K, committed 5760K, reserved 1048576K
}

