# JRE version: OpenJDK Runtime Environment (17.0.6) (build 17.0.6+0-b2043.56-10027231)
# Java VM: OpenJDK 64-Bit Server VM (17.0.6+0-b2043.56-10027231, mixed mode, tiered, compressed oops, compressed class ptrs, g1 gc, windows-amd64)
GC Precious Log:
 CPUs: 12 total, 12 available
 Memory: 16310M
 Large Page Support: Disabled
 NUMA Support: Disabled
 Compressed Oops: Enabled (32-bit)
 Heap Region Size: 1M
 Heap Min Capacity: 8M
 Heap Initial Capacity: 256M
 Heap Max Capacity: 2G
 Pre-touch: Disabled
 Parallel Workers: 10
 Concurrent Workers: 3
 Concurrent Refinement Workers: 10
 Periodic GC: Disabled
Heap:
 garbage-first heap   total 365568K, used 224880K [0x0000000080000000, 0x0000000100000000)
  region size 1024K, 109 young (111616K), 4 survivors (4096K)
 Metaspace       used 96650K, committed 97280K, reserved 1138688K
  class space    used 13015K, committed 13312K, reserved 1048576K
GC Heap History (20 events):
Event: 20.205 GC heap before
{Heap before GC invocations=43 (full 0):
 garbage-first heap   total 157696K, used 102141K [0x0000000080000000, 0x0000000100000000)
  region size 1024K, 15 young (15360K), 6 survivors (6144K)
 Metaspace       used 91383K, committed 91968K, reserved 1130496K
  class space    used 12320K, committed 12608K, reserved 1048576K
}
Event: 20.210 GC heap after
{Heap after GC invocations=44 (full 0):
 garbage-first heap   total 157696K, used 97473K [0x0000000080000000, 0x0000000100000000)
  region size 1024K, 4 young (4096K), 4 survivors (4096K)
 Metaspace       used 91383K, committed 91968K, reserved 1130496K
  class space    used 12320K, committed 12608K, reserved 1048576K
}
Event: 20.709 GC heap before
{Heap before GC invocations=45 (full 0):
 garbage-first heap   total 168960K, used 126145K [0x0000000080000000, 0x0000000100000000)
  region size 1024K, 32 young (32768K), 4 survivors (4096K)
 Metaspace       used 93945K, committed 94528K, reserved 1130496K
  class space    used 12677K, committed 12928K, reserved 1048576K
}
Event: 20.715 GC heap after
{Heap after GC invocations=46 (full 0):
 garbage-first heap   total 168960K, used 101373K [0x0000000080000000, 0x0000000100000000)
  region size 1024K, 4 young (4096K), 4 survivors (4096K)
 Metaspace       used 93945K, committed 94528K, reserved 1130496K
  class space    used 12677K, committed 12928K, reserved 1048576K
}
Event: 20.781 GC heap before
{Heap before GC invocations=46 (full 0):
 garbage-first heap   total 168960K, used 105469K [0x0000000080000000, 0x0000000100000000)
  region size 1024K, 8 young (8192K), 4 survivors (4096K)
 Metaspace       used 94166K, committed 94784K, reserved 1138688K
  class space    used 12707K, committed 12992K, reserved 1048576K
}
Event: 20.785 GC heap after
{Heap after GC invocations=47 (full 0):
 garbage-first heap   total 168960K, used 102314K [0x0000000080000000, 0x0000000100000000)
  region size 1024K, 1 young (1024K), 1 survivors (1024K)
 Metaspace       used 94166K, committed 94784K, reserved 1138688K
  class space    used 12707K, committed 12992K, reserved 1048576K
}
Event: 20.973 GC heap before
{Heap before GC invocations=47 (full 0):
 garbage-first heap   total 168960K, used 135082K [0x0000000080000000, 0x0000000100000000)
  region size 1024K, 34 young (34816K), 1 survivors (1024K)
 Metaspace       used 94862K, committed 95488K, reserved 1138688K
  class space    used 12899K, committed 13184K, reserved 1048576K
}
Event: 20.976 GC heap after
{Heap after GC invocations=48 (full 0):
 garbage-first heap   total 211968K, used 104419K [0x0000000080000000, 0x0000000100000000)
  region size 1024K, 4 young (4096K), 4 survivors (4096K)
 Metaspace       used 94862K, committed 95488K, reserved 1138688K
  class space    used 12899K, committed 13184K, reserved 1048576K
}
Event: 21.240 GC heap before
{Heap before GC invocations=49 (full 0):
 garbage-first heap   total 211968K, used 165859K [0x0000000080000000, 0x0000000100000000)
  region size 1024K, 65 young (66560K), 4 survivors (4096K)
 Metaspace       used 95117K, committed 95744K, reserved 1138688K
  class space    used 12899K, committed 13184K, reserved 1048576K
}
Event: 21.245 GC heap after
{Heap after GC invocations=50 (full 0):
 garbage-first heap   total 211968K, used 108003K [0x0000000080000000, 0x0000000100000000)
  region size 1024K, 7 young (7168K), 7 survivors (7168K)
 Metaspace       used 95117K, committed 95744K, reserved 1138688K
  class space    used 12899K, committed 13184K, reserved 1048576K
}
Event: 21.270 GC heap before
{Heap before GC invocations=50 (full 0):
 garbage-first heap   total 211968K, used 111075K [0x0000000080000000, 0x0000000100000000)
  region size 1024K, 10 young (10240K), 7 survivors (7168K)
 Metaspace       used 95160K, committed 95808K, reserved 1138688K
  class space    used 12903K, committed 13184K, reserved 1048576K
}
Event: 21.274 GC heap after
{Heap after GC invocations=51 (full 0):
 garbage-first heap   total 211968K, used 108275K [0x0000000080000000, 0x0000000100000000)
  region size 1024K, 2 young (2048K), 2 survivors (2048K)
 Metaspace       used 95160K, committed 95808K, reserved 1138688K
  class space    used 12903K, committed 13184K, reserved 1048576K
}
Event: 21.602 GC heap before
{Heap before GC invocations=51 (full 0):
 garbage-first heap   total 211968K, used 169715K [0x0000000080000000, 0x0000000100000000)
  region size 1024K, 62 young (63488K), 2 survivors (2048K)
 Metaspace       used 95553K, committed 96256K, reserved 1138688K
  class space    used 12934K, committed 13248K, reserved 1048576K
}
Event: 21.606 GC heap after
{Heap after GC invocations=52 (full 0):
 garbage-first heap   total 211968K, used 111766K [0x0000000080000000, 0x0000000100000000)
  region size 1024K, 5 young (5120K), 5 survivors (5120K)
 Metaspace       used 95553K, committed 96256K, reserved 1138688K
  class space    used 12934K, committed 13248K, reserved 1048576K
}
Event: 21.962 GC heap before
{Heap before GC invocations=53 (full 0):
 garbage-first heap   total 211968K, used 171158K [0x0000000080000000, 0x0000000100000000)
  region size 1024K, 64 young (65536K), 5 survivors (5120K)
 Metaspace       used 95841K, committed 96512K, reserved 1138688K
  class space    used 12952K, committed 13248K, reserved 1048576K
}
Event: 21.968 GC heap after
{Heap after GC invocations=54 (full 0):
 garbage-first heap   total 211968K, used 116744K [0x0000000080000000, 0x0000000100000000)
  region size 1024K, 6 young (6144K), 6 survivors (6144K)
 Metaspace       used 95841K, committed 96512K, reserved 1138688K
  class space    used 12952K, committed 13248K, reserved 1048576K
}
Event: 22.004 GC heap before
{Heap before GC invocations=54 (full 0):
 garbage-first heap   total 211968K, used 120840K [0x0000000080000000, 0x0000000100000000)
  region size 1024K, 10 young (10240K), 6 survivors (6144K)
 Metaspace       used 95881K, committed 96512K, reserved 1138688K
  class space    used 12952K, committed 13248K, reserved 1048576K
}
Event: 22.008 GC heap after
{Heap after GC invocations=55 (full 0):
 garbage-first heap   total 211968K, used 116523K [0x0000000080000000, 0x0000000100000000)
  region size 1024K, 2 young (2048K), 2 survivors (2048K)
 Metaspace       used 95881K, committed 96512K, reserved 1138688K
  class space    used 12952K, committed 13248K, reserved 1048576K
}
Event: 22.428 GC heap before
{Heap before GC invocations=55 (full 0):
 garbage-first heap   total 211968K, used 172843K [0x0000000080000000, 0x0000000100000000)
  region size 1024K, 58 young (59392K), 2 survivors (2048K)
 Metaspace       used 96454K, committed 97088K, reserved 1138688K
  class space    used 13001K, committed 13312K, reserved 1048576K
}
Event: 22.433 GC heap after
{Heap after GC invocations=56 (full 0):
 garbage-first heap   total 365568K, used 119408K [0x0000000080000000, 0x0000000100000000)
  region size 1024K, 4 young (4096K), 4 survivors (4096K)
 Metaspace       used 96454K, committed 97088K, reserved 1138688K
  class space    used 13001K, committed 13312K, reserved 1048576K
}

