# JRE version: OpenJDK Runtime Environment (17.0.6) (build 17.0.6+0-b2043.56-10027231)
# Java VM: OpenJDK 64-Bit Server VM (17.0.6+0-b2043.56-10027231, mixed mode, tiered, compressed oops, compressed class ptrs, g1 gc, windows-amd64)
GC Precious Log:
 CPUs: 12 total, 12 available
 Memory: 16310M
 Large Page Support: Disabled
 NUMA Support: Disabled
 Compressed Oops: Enabled (32-bit)
 Heap Region Size: 1M
 Heap Min Capacity: 8M
 Heap Initial Capacity: 256M
 Heap Max Capacity: 2G
 Pre-touch: Disabled
 Parallel Workers: 10
 Concurrent Workers: 3
 Concurrent Refinement Workers: 10
 Periodic GC: Disabled
Heap:
 garbage-first heap   total 387072K, used 309909K [0x0000000080000000, 0x0000000100000000)
  region size 1024K, 9 young (9216K), 6 survivors (6144K)
 Metaspace       used 119684K, committed 120704K, reserved 1155072K
  class space    used 16904K, committed 17344K, reserved 1048576K
GC Heap History (20 events):
Event: 26.304 GC heap before
{Heap before GC invocations=52 (full 0):
 garbage-first heap   total 285696K, used 232088K [0x0000000080000000, 0x0000000100000000)
  region size 1024K, 80 young (81920K), 14 survivors (14336K)
 Metaspace       used 106441K, committed 107136K, reserved 1146880K
  class space    used 14699K, committed 15040K, reserved 1048576K
}
Event: 26.322 GC heap after
{Heap after GC invocations=53 (full 0):
 garbage-first heap   total 285696K, used 182272K [0x0000000080000000, 0x0000000100000000)
  region size 1024K, 10 young (10240K), 10 survivors (10240K)
 Metaspace       used 106441K, committed 107136K, reserved 1146880K
  class space    used 14699K, committed 15040K, reserved 1048576K
}
Event: 26.740 GC heap before
{Heap before GC invocations=54 (full 0):
 garbage-first heap   total 322560K, used 228352K [0x0000000080000000, 0x0000000100000000)
  region size 1024K, 56 young (57344K), 10 survivors (10240K)
 Metaspace       used 110825K, committed 111616K, reserved 1146880K
  class space    used 15582K, committed 15936K, reserved 1048576K
}
Event: 26.753 GC heap after
{Heap after GC invocations=55 (full 0):
 garbage-first heap   total 322560K, used 190377K [0x0000000080000000, 0x0000000100000000)
  region size 1024K, 7 young (7168K), 7 survivors (7168K)
 Metaspace       used 110825K, committed 111616K, reserved 1146880K
  class space    used 15582K, committed 15936K, reserved 1048576K
}
Event: 26.797 GC heap before
{Heap before GC invocations=55 (full 0):
 garbage-first heap   total 322560K, used 197545K [0x0000000080000000, 0x0000000100000000)
  region size 1024K, 15 young (15360K), 7 survivors (7168K)
 Metaspace       used 111137K, committed 111936K, reserved 1146880K
  class space    used 15642K, committed 16000K, reserved 1048576K
}
Event: 26.806 GC heap after
{Heap after GC invocations=56 (full 0):
 garbage-first heap   total 387072K, used 189814K [0x0000000080000000, 0x0000000100000000)
  region size 1024K, 2 young (2048K), 2 survivors (2048K)
 Metaspace       used 111137K, committed 111936K, reserved 1146880K
  class space    used 15642K, committed 16000K, reserved 1048576K
}
Event: 27.454 GC heap before
{Heap before GC invocations=56 (full 0):
 garbage-first heap   total 387072K, used 300406K [0x0000000080000000, 0x0000000100000000)
  region size 1024K, 106 young (108544K), 2 survivors (2048K)
 Metaspace       used 113028K, committed 113856K, reserved 1146880K
  class space    used 16057K, committed 16448K, reserved 1048576K
}
Event: 27.467 GC heap after
{Heap after GC invocations=57 (full 0):
 garbage-first heap   total 387072K, used 204208K [0x0000000080000000, 0x0000000100000000)
  region size 1024K, 14 young (14336K), 14 survivors (14336K)
 Metaspace       used 113028K, committed 113856K, reserved 1146880K
  class space    used 16057K, committed 16448K, reserved 1048576K
}
Event: 28.210 GC heap before
{Heap before GC invocations=57 (full 0):
 garbage-first heap   total 387072K, used 303536K [0x0000000080000000, 0x0000000100000000)
  region size 1024K, 111 young (113664K), 14 survivors (14336K)
 Metaspace       used 113755K, committed 114560K, reserved 1155072K
  class space    used 16152K, committed 16512K, reserved 1048576K
}
Event: 28.222 GC heap after
{Heap after GC invocations=58 (full 0):
 garbage-first heap   total 387072K, used 217653K [0x0000000080000000, 0x0000000100000000)
  region size 1024K, 13 young (13312K), 13 survivors (13312K)
 Metaspace       used 113755K, committed 114560K, reserved 1155072K
  class space    used 16152K, committed 16512K, reserved 1048576K
}
Event: 28.410 GC heap before
{Heap before GC invocations=58 (full 0):
 garbage-first heap   total 387072K, used 308789K [0x0000000080000000, 0x0000000100000000)
  region size 1024K, 102 young (104448K), 13 survivors (13312K)
 Metaspace       used 113761K, committed 114560K, reserved 1155072K
  class space    used 16152K, committed 16512K, reserved 1048576K
}
Event: 28.415 GC heap after
{Heap after GC invocations=59 (full 0):
 garbage-first heap   total 387072K, used 218744K [0x0000000080000000, 0x0000000100000000)
  region size 1024K, 2 young (2048K), 2 survivors (2048K)
 Metaspace       used 113761K, committed 114560K, reserved 1155072K
  class space    used 16152K, committed 16512K, reserved 1048576K
}
Event: 28.585 GC heap before
{Heap before GC invocations=59 (full 0):
 garbage-first heap   total 387072K, used 313976K [0x0000000080000000, 0x0000000100000000)
  region size 1024K, 95 young (97280K), 2 survivors (2048K)
 Metaspace       used 113779K, committed 114560K, reserved 1155072K
  class space    used 16153K, committed 16512K, reserved 1048576K
}
Event: 28.587 GC heap after
{Heap after GC invocations=60 (full 0):
 garbage-first heap   total 387072K, used 218068K [0x0000000080000000, 0x0000000100000000)
  region size 1024K, 1 young (1024K), 1 survivors (1024K)
 Metaspace       used 113779K, committed 114560K, reserved 1155072K
  class space    used 16153K, committed 16512K, reserved 1048576K
}
Event: 28.746 GC heap before
{Heap before GC invocations=60 (full 0):
 garbage-first heap   total 387072K, used 319444K [0x0000000080000000, 0x0000000100000000)
  region size 1024K, 100 young (102400K), 1 survivors (1024K)
 Metaspace       used 113789K, committed 114560K, reserved 1155072K
  class space    used 16153K, committed 16512K, reserved 1048576K
}
Event: 28.748 GC heap after
{Heap after GC invocations=61 (full 0):
 garbage-first heap   total 387072K, used 217673K [0x0000000080000000, 0x0000000100000000)
  region size 1024K, 1 young (1024K), 1 survivors (1024K)
 Metaspace       used 113789K, committed 114560K, reserved 1155072K
  class space    used 16153K, committed 16512K, reserved 1048576K
}
Event: 28.904 GC heap before
{Heap before GC invocations=61 (full 0):
 garbage-first heap   total 387072K, used 324169K [0x0000000080000000, 0x0000000100000000)
  region size 1024K, 105 young (107520K), 1 survivors (1024K)
 Metaspace       used 113793K, committed 114560K, reserved 1155072K
  class space    used 16153K, committed 16512K, reserved 1048576K
}
Event: 28.905 GC heap after
{Heap after GC invocations=62 (full 0):
 garbage-first heap   total 387072K, used 217638K [0x0000000080000000, 0x0000000100000000)
  region size 1024K, 1 young (1024K), 1 survivors (1024K)
 Metaspace       used 113793K, committed 114560K, reserved 1155072K
  class space    used 16153K, committed 16512K, reserved 1048576K
}
Event: 30.451 GC heap before
{Heap before GC invocations=62 (full 0):
 garbage-first heap   total 387072K, used 319014K [0x0000000080000000, 0x0000000100000000)
  region size 1024K, 74 young (75776K), 1 survivors (1024K)
 Metaspace       used 119733K, committed 120640K, reserved 1155072K
  class space    used 16930K, committed 17344K, reserved 1048576K
}
Event: 30.456 GC heap after
{Heap after GC invocations=63 (full 0):
 garbage-first heap   total 387072K, used 249493K [0x0000000080000000, 0x0000000100000000)
  region size 1024K, 6 young (6144K), 6 survivors (6144K)
 Metaspace       used 119733K, committed 120640K, reserved 1155072K
  class space    used 16930K, committed 17344K, reserved 1048576K
}

